<?xml version="1.0" encoding="UTF-8"?>
<!-- Generated by org.testng.reporters.JUnitXMLReporter -->
<testsuite ignored="0" hostname="1C4Y0F3" failures="0" tests="3" name="Surefire test" time="0.062" errors="0" timestamp="2023-09-08T13:39:46 IST">
  <testcase classname="com.digvee.training.jenkins.JenkinsCalcTest" name="subTest on subTest(com.digvee.training.jenkins.JenkinsCalcTest)" time="0.013"/>
  <testcase classname="com.digvee.training.jenkins.JenkinsCalcTest" name="addTest on addTest(com.digvee.training.jenkins.JenkinsCalcTest)" time="0.013"/>
  <testcase classname="com.digvee.training.jenkins.JenkinsCalcTest" name="mulTest on mulTest(com.digvee.training.jenkins.JenkinsCalcTest)" time="0.012"/>
</testsuite> <!-- Surefire test -->
