<?xml version="1.0" encoding="UTF-8"?>
<testng-results ignored="0" total="3" passed="3" failed="0" skipped="0">
  <reporter-output>
  </reporter-output>
  <suite started-at="2023-09-08T13:39:46 IST" name="Surefire suite" finished-at="2023-09-08T13:39:46 IST" duration-ms="62">
    <groups>
    </groups>
    <test started-at="2023-09-08T13:39:46 IST" name="Surefire test" finished-at="2023-09-08T13:39:46 IST" duration-ms="62">
      <class name="com.digvee.training.jenkins.JenkinsCalcTest">
        <test-method signature="addTest()" started-at="2023-09-08T13:39:46 IST" name="addTest" finished-at="2023-09-08T13:39:46 IST" duration-ms="13" status="PASS">
          <reporter-output>
          </reporter-output>
        </test-method> <!-- addTest -->
        <test-method signature="subTest()" started-at="2023-09-08T13:39:46 IST" name="subTest" finished-at="2023-09-08T13:39:46 IST" duration-ms="13" status="PASS">
          <reporter-output>
          </reporter-output>
        </test-method> <!-- subTest -->
        <test-method signature="mulTest()" started-at="2023-09-08T13:39:46 IST" name="mulTest" finished-at="2023-09-08T13:39:46 IST" duration-ms="12" status="PASS">
          <reporter-output>
          </reporter-output>
        </test-method> <!-- mulTest -->
      </class> <!-- com.digvee.training.jenkins.JenkinsCalcTest -->
    </test> <!-- Surefire test -->
  </suite> <!-- Surefire suite -->
</testng-results>
